<?xml version="1.0" encoding="UTF-8"?>
<!-- Generated by org.testng.reporters.JUnitXMLReporter -->
<testsuite hostname="nlpultp3403792" name="Get Connection" tests="1" failures="1" timestamp="31 Aug 2019 08:11:47 GMT" time="142.615" errors="0">
  <testcase name="Create_Resi_Cust" time="83.962" classname="com.nihilent.com.testCases.Verify_Create_Residential_Cust_TC">
    <failure type="org.openqa.selenium.ElementClickInterceptedException" message="element click intercepted: Element &amp;lt;button id=&amp;quot;createDStvCustomer-action&amp;quot; class=&amp;quot;ember-view btn btn-sm btn-primary visible&amp;quot; tabindex=&amp;quot;600&amp;quot; visible=&amp;quot;visible&amp;quot;&amp;gt;...&amp;lt;/button&amp;gt; is not clickable at point (1269, 598). Other element would receive the click: &amp;lt;div id=&amp;quot;simplemodal-overlay&amp;quot; class=&amp;quot;simplemodal-overlay&amp;quot; style=&amp;quot;opacity: 0.5; height: 2522px; width: 1358px; position: fixed; left: 0px; top: 0px; z-index: 1001;&amp;quot;&amp;gt;&amp;lt;/div&amp;gt;
  (Session info: chrome=76.0.3809.132)
Build info: version: &amp;apos;3.12.0&amp;apos;, revision: &amp;apos;7c6e0b3&amp;apos;, time: &amp;apos;2018-05-08T14:04:26.12Z&amp;apos;
System info: host: &amp;apos;NLPULTP3403792&amp;apos;, ip: &amp;apos;10.18.0.34&amp;apos;, os.name: &amp;apos;Windows 10&amp;apos;, os.arch: &amp;apos;amd64&amp;apos;, os.version: &amp;apos;10.0&amp;apos;, java.version: &amp;apos;1.8.0_101&amp;apos;
Driver info: org.openqa.selenium.chrome.ChromeDriver
Capabilities {acceptInsecureCerts: false, browserName: chrome, browserVersion: 76.0.3809.132, chrome: {chromedriverVersion: 76.0.3809.126 (d80a294506b4..., userDataDir: C:\Users\BIBHAS~1.BAR\AppDa...}, goog:chromeOptions: {debuggerAddress: localhost:54373}, javascriptEnabled: true, networkConnectionEnabled: false, pageLoadStrategy: normal, platform: XP, platformName: XP, proxy: Proxy(), setWindowRect: true, strictFileInteractability: false, timeouts: {implicit: 0, pageLoad: 300000, script: 30000}, unhandledPromptBehavior: dismiss and notify}
Session ID: 396519a07a7bd82077ecea4c4e346599">
      <![CDATA[org.openqa.selenium.ElementClickInterceptedException: element click intercepted: Element <button id="createDStvCustomer-action" class="ember-view btn btn-sm btn-primary visible" tabindex="600" visible="visible">...</button> is not clickable at point (1269, 598). Other element would receive the click: <div id="simplemodal-overlay" class="simplemodal-overlay" style="opacity: 0.5; height: 2522px; width: 1358px; position: fixed; left: 0px; top: 0px; z-index: 1001;"></div>
  (Session info: chrome=76.0.3809.132)
Build info: version: '3.12.0', revision: '7c6e0b3', time: '2018-05-08T14:04:26.12Z'
System info: host: 'NLPULTP3403792', ip: '10.18.0.34', os.name: 'Windows 10', os.arch: 'amd64', os.version: '10.0', java.version: '1.8.0_101'
Driver info: org.openqa.selenium.chrome.ChromeDriver
Capabilities {acceptInsecureCerts: false, browserName: chrome, browserVersion: 76.0.3809.132, chrome: {chromedriverVersion: 76.0.3809.126 (d80a294506b4..., userDataDir: C:\Users\BIBHAS~1.BAR\AppDa...}, goog:chromeOptions: {debuggerAddress: localhost:54373}, javascriptEnabled: true, networkConnectionEnabled: false, pageLoadStrategy: normal, platform: XP, platformName: XP, proxy: Proxy(), setWindowRect: true, strictFileInteractability: false, timeouts: {implicit: 0, pageLoad: 300000, script: 30000}, unhandledPromptBehavior: dismiss and notify}
Session ID: 396519a07a7bd82077ecea4c4e346599
	at org.openqa.selenium.remote.http.W3CHttpResponseCodec.createException(W3CHttpResponseCodec.java:187)
	at org.openqa.selenium.remote.http.W3CHttpResponseCodec.decode(W3CHttpResponseCodec.java:122)
	at org.openqa.selenium.remote.http.W3CHttpResponseCodec.decode(W3CHttpResponseCodec.java:49)
	at org.openqa.selenium.remote.HttpCommandExecutor.execute(HttpCommandExecutor.java:158)
	at org.openqa.selenium.remote.service.DriverCommandExecutor.execute(DriverCommandExecutor.java:83)
	at org.openqa.selenium.remote.RemoteWebDriver.execute(RemoteWebDriver.java:543)
	at org.openqa.selenium.remote.RemoteWebElement.execute(RemoteWebElement.java:276)
	at org.openqa.selenium.remote.RemoteWebElement.click(RemoteWebElement.java:83)
	at com.nihilent.com.pages.Clarity_Create_Residential_Cust.Module_GetConnected_Create_Resi_Cust(Clarity_Create_Residential_Cust.java:205)
	at com.nihilent.com.testCases.Verify_Create_Residential_Cust_TC.Create_Resi_Cust(Verify_Create_Residential_Cust_TC.java:40)
... Removed 28 stack frames]]>
    </failure>
  </testcase> <!-- Create_Resi_Cust -->
</testsuite> <!-- Get Connection -->
